<?xml version="1.0" encoding="UTF-8" ?>
<testsuite tests="1" failures="0" name="com.lti.AppTest" time="0.009" errors="0" skipped="0">
  <properties>
    <property name="PROCESSOR_ARCHITECTURE" value="AMD64"/>
    <property name="file.encoding.pkg" value="sun.io"/>
    <property name="Maven_Home" value="D:\GET\apache-maven-3.8.2"/>
    <property name="c codeblocls" value="C:\Program Files (x86)\CodeBlocks\MinGW\bin"/>
    <property name="LOGONSERVER" value="\\DESKTOP-T011BB0"/>
    <property name="ProgramData" value="C:\ProgramData"/>
    <property name="java.home" value="C:\Program Files\Java\jdk1.8.0_191\jre"/>
    <property name="NODE_NAME" value="master"/>
    <property name="JENKINS_URL" value="http://localhost:7777/"/>
    <property name="ALLUSERSPROFILE" value="C:\ProgramData"/>
    <property name="java.endorsed.dirs" value="C:\Program Files\Java\jdk1.8.0_191\jre\lib\endorsed"/>
    <property name="PSModulePath" value="C:\Program Files\WindowsPowerShell\Modules;C:\WINDOWS\system32\WindowsPowerShell\v1.0\Modules"/>
    <property name="USERDOMAIN" value="DESKTOP-T011BB0"/>
    <property name="sun.os.patch.level" value=""/>
    <property name="java.vendor.url" value="http://java.oracle.com/"/>
    <property name="CommonProgramFiles(x86)" value="C:\Program Files (x86)\Common Files"/>
    <property name="java.version" value="1.8.0_191"/>
    <property name="QT_DEVICE_PIXEL_RATIO" value="auto"/>
    <property name="JOB_NAME" value="MavenJob"/>
    <property name="COMPUTERNAME" value="DESKTOP-T011BB0"/>
    <property name="PyCharm" value="C:\Program Files\JetBrains\PyCharm 2019.1.3\bin;"/>
    <property name="java.vendor.url.bug" value="http://bugreport.sun.com/bugreport/"/>
    <property name="PUBLIC" value="C:\Users\Public"/>
    <property name="ChocolateyLastPathUpdate" value="132419681456727254"/>
    <property name="user.name" value="bhanu"/>
    <property name="sun.io.unicode.encoding" value="UnicodeLittle"/>
    <property name="sun.jnu.encoding" value="Cp1252"/>
    <property name="java.runtime.name" value="Java(TM) SE Runtime Environment"/>
    <property name="windir" value="C:\WINDOWS"/>
    <property name="PROCESSOR_IDENTIFIER" value="Intel64 Family 6 Model 142 Stepping 10, GenuineIntel"/>
    <property name="java.specification.name" value="Java Platform API Specification"/>
    <property name="LOCALAPPDATA" value="C:\Users\bhanu\AppData\Local"/>
    <property name="RUN_CHANGES_DISPLAY_URL" value="http://localhost:7777/job/MavenJob/2/display/redirect?page=changes"/>
    <property name="user.timezone" value="Asia/Calcutta"/>
    <property name="user.script" value=""/>
    <property name="path.separator" value=";"/>
    <property name="NUMBER_OF_PROCESSORS" value="8"/>
    <property name="BUILD_TAG" value="jenkins-MavenJob-2"/>
    <property name="file.encoding" value="Cp1252"/>
    <property name="PATH" value="C:\Program Files\Java\jdk1.8.0_191\bin;C:\Users\bhanu\AppData\Local\Programs\Python\Python37\Scripts\;C:\Users\bhanu\AppData\Local\Programs\Python\Python37\;C:\Users\bhanu\Desktop\sai teja\verbal notes\New folder\Scripts\;C:\Users\bhanu\Desktop\sai teja\verbal notes\New folder\;C:\Users\bhanu\AppData\Local\Microsoft\WindowsApps;C:\Users\bhanu\Desktop\visual studio code\Microsoft VS Code\bin;C:\Users\bhanu\Desktop\BANU TEJA\Microsoft VS Code\bin;C:\Program Files\JetBrains\PyCharm 2019.1.3\bin;C:\Users\bhanu\AppData\Local\Programs\Microsoft VS Code\bin;C:\Users\bhanu\AppData\Roaming\nvm;C:\Program Files\nodejs;C:\Users\bhanu\AppData\Local\atom\bin;C:\Users\bhanu\AppData\Local\Microsoft\WindowsApps;D:\flutter\bin;C:\Users\bhanu\.dotnet\tools"/>
    <property name="sun.java.command" value="jenkins.maven3.agent.Maven35Main D:\GET\apache-maven-3.8.2 C:\Users\bhanu\.jenkins\war\WEB-INF\lib\remoting-4.10.jar C:\Users\bhanu\.jenkins\plugins\maven-plugin\WEB-INF\lib\maven35-interceptor-1.13.jar C:\Users\bhanu\.jenkins\plugins\maven-plugin\WEB-INF\lib\maven3-interceptor-commons-1.13.jar 50444"/>
    <property name="HUDSON_URL" value="http://localhost:7777/"/>
    <property name="JENKINS_SERVER_COOKIE" value="ddcc663f086f96e1"/>
    <property name="PT7HOME" value="D:\Cisco Packet Tracer 7.3.1"/>
    <property name="=D:" value="D:\GET\jenkins"/>
    <property name="EXECUTOR_NUMBER" value="1"/>
    <property name="GIT_COMMIT" value="76577d69d009df297e32216e2c2a7d7ab6424827"/>
    <property name="java.io.tmpdir" value="C:\Users\bhanu\AppData\Local\Temp\"/>
    <property name="APPDATA" value="C:\Users\bhanu\AppData\Roaming"/>
    <property name="user.language" value="en"/>
    <property name="line.separator" value="
"/>
    <property name="BUILD_URL" value="http://localhost:7777/job/MavenJob/2/"/>
    <property name="=C:" value="C:\Windows\System32"/>
    <property name="java.vm.info" value="mixed mode"/>
    <property name="DriverData" value="C:\Windows\System32\Drivers\DriverData"/>
    <property name="sun.desktop" value="windows"/>
    <property name="java.vm.specification.name" value="Java Virtual Machine Specification"/>
    <property name="CI" value="true"/>
    <property name="M2_Home" value="D:\GET\apache-maven-3.8.2"/>
    <property name="BUILD_DISPLAY_NAME" value="#2"/>
    <property name="OS" value="Windows_NT"/>
    <property name="NVM_SYMLINK" value="C:\Program Files\nodejs"/>
    <property name="guice.disable.misplaced.annotation.check" value="true"/>
    <property name="HUDSON_SERVER_COOKIE" value="ddcc663f086f96e1"/>
    <property name="WORKSPACE_TMP" value="C:\Users\bhanu\.jenkins\workspace\MavenJob@tmp"/>
    <property name="pathname" value="C:\Program Files\Java\jdk1.8.0_191\bin"/>
    <property name="PATHEXT" value=".COM;.EXE;.BAT;.CMD;.VBS;.VBE;.JS;.JSE;.WSF;.WSH;.MSC"/>
    <property name="java.awt.printerjob" value="sun.awt.windows.WPrinterJob"/>
    <property name="maven3.interceptor.common" value="C:\Users\bhanu\.jenkins\plugins\maven-plugin\WEB-INF\lib\maven3-interceptor-commons-1.13.jar"/>
    <property name="CLASSPATH" value=""/>
    <property name="jansi.mode" value="strip"/>
    <property name="HOMEPATH" value="\Users\bhanu"/>
    <property name="os.name" value="Windows 10"/>
    <property name="java.specification.vendor" value="Oracle Corporation"/>
    <property name="java.vm.name" value="Java HotSpot(TM) 64-Bit Server VM"/>
    <property name="BUILD_NUMBER" value="2"/>
    <property name="maven3.interceptor" value="C:\Users\bhanu\.jenkins\plugins\maven-plugin\WEB-INF\lib\maven35-interceptor-1.13.jar"/>
    <property name="java.library.path" value="C:\Program Files\Java\jdk1.8.0_191\bin;C:\WINDOWS\Sun\Java\bin;C:\WINDOWS\system32;C:\WINDOWS;D:\GET\apache-maven-3.8.2/bin;C:\Program Files\Java\jdk1.8.0_191\bin;C:\Users\bhanu\AppData\Local\Programs\Python\Python37\Scripts\;C:\Users\bhanu\AppData\Local\Programs\Python\Python37\;C:\Users\bhanu\Desktop\sai teja\verbal notes\New folder\Scripts\;C:\Users\bhanu\Desktop\sai teja\verbal notes\New folder\;C:\Users\bhanu\AppData\Local\Microsoft\WindowsApps;C:\Users\bhanu\Desktop\visual studio code\Microsoft VS Code\bin;C:\Users\bhanu\Desktop\BANU TEJA\Microsoft VS Code\bin;C:\Program Files\JetBrains\PyCharm 2019.1.3\bin;C:\Users\bhanu\AppData\Local\Programs\Microsoft VS Code\bin;C:\Users\bhanu\AppData\Roaming\nvm;C:\Program Files\nodejs;C:\Users\bhanu\AppData\Local\atom\bin;C:\Users\bhanu\AppData\Local\Microsoft\WindowsApps;D:\flutter\bin;C:\Users\bhanu\.dotnet\tools;."/>
    <property name="HOMEDRIVE" value="C:"/>
    <property name="java.class.version" value="52.0"/>
    <property name="JOB_URL" value="http://localhost:7777/job/MavenJob/"/>
    <property name="platformcode" value="KV"/>
    <property name="NVM_HOME" value="C:\Users\bhanu\AppData\Roaming\nvm"/>
    <property name="GIT_PREVIOUS_COMMIT" value="76577d69d009df297e32216e2c2a7d7ab6424827"/>
    <property name="OneDrive" value="C:\Users\bhanu\OneDrive"/>
    <property name="GIT_BRANCH" value="origin/master"/>
    <property name="RUN_DISPLAY_URL" value="http://localhost:7777/job/MavenJob/2/display/redirect"/>
    <property name="VBOX_MSI_INSTALL_PATH" value="C:\Program Files\Oracle\VirtualBox\"/>
    <property name="JENKINS_HOME" value="C:\Users\bhanu\.jenkins"/>
    <property name="BUILD_ID" value="2"/>
    <property name="TEMP" value="C:\Users\bhanu\AppData\Local\Temp"/>
    <property name="sun.boot.library.path" value="C:\Program Files\Java\jdk1.8.0_191\jre\bin"/>
    <property name="sun.management.compiler" value="HotSpot 64-Bit Tiered Compilers"/>
    <property name="java.awt.graphicsenv" value="sun.awt.Win32GraphicsEnvironment"/>
    <property name="user.variant" value=""/>
    <property name="PROCESSOR_REVISION" value="8e0a"/>
    <property name="HUDSON_HOME" value="C:\Users\bhanu\.jenkins"/>
    <property name="ProgramFiles(x86)" value="C:\Program Files (x86)"/>
    <property name="PATH+MAVEN" value="D:\GET\apache-maven-3.8.2/bin"/>
    <property name="USERDOMAIN_ROAMINGPROFILE" value="DESKTOP-T011BB0"/>
    <property name="RUN_ARTIFACTS_DISPLAY_URL" value="http://localhost:7777/job/MavenJob/2/display/redirect?page=artifacts"/>
    <property name="PROMPT" value="$P$G"/>
    <property name="java.vm.specification.version" value="1.8"/>
    <property name="JAVA_HOME" value="C:\Program Files\Java\jdk1.8.0_191"/>
    <property name="awt.toolkit" value="sun.awt.windows.WToolkit"/>
    <property name="NODE_LABELS" value="master"/>
    <property name="sun.cpu.isalist" value="amd64"/>
    <property name="USERPROFILE" value="C:\Users\bhanu"/>
    <property name="asl.log" value="Destination=file"/>
    <property name="JOB_DISPLAY_URL" value="http://localhost:7777/job/MavenJob/display/redirect"/>
    <property name="java.ext.dirs" value="C:\Program Files\Java\jdk1.8.0_191\jre\lib\ext;C:\WINDOWS\Sun\Java\lib\ext"/>
    <property name="os.version" value="10.0"/>
    <property name="user.home" value="C:\Users\bhanu"/>
    <property name="USERNAME" value="bhanu"/>
    <property name="java.vm.vendor" value="Oracle Corporation"/>
    <property name="PROCESSOR_LEVEL" value="6"/>
    <property name="CommonProgramW6432" value="C:\Program Files\Common Files"/>
    <property name="user.dir" value="D:\GET\maven\maven project\LtiBank"/>
    <property name="maven.conf" value="D:\GET\apache-maven-3.8.2\conf"/>
    <property name="ProgramW6432" value="C:\Program Files"/>
    <property name="TMP" value="C:\Users\bhanu\AppData\Local\Temp"/>
    <property name="sun.cpu.endian" value="little"/>
    <property name="SystemDrive" value="C:"/>
    <property name="ANDROID_SDK_ROOT" value="D:\android-sdk"/>
    <property name="java.vm.version" value="25.191-b12"/>
    <property name="java.class.path" value="C:\Users\bhanu\.jenkins\plugins\maven-plugin\WEB-INF\lib\maven35-agent-1.13.jar;D:\GET\apache-maven-3.8.2\boot\plexus-classworlds-2.6.0.jar;D:\GET\apache-maven-3.8.2/conf/logging"/>
    <property name="org.slf4j.simpleLogger.defaultLogLevel" value="info"/>
    <property name="os.arch" value="amd64"/>
    <property name="RegionCode" value="NA"/>
    <property name="OneDriveConsumer" value="C:\Users\bhanu\OneDrive"/>
    <property name="WORKSPACE" value="C:\Users\bhanu\.jenkins\workspace\MavenJob"/>
    <property name="ComSpec" value="C:\WINDOWS\system32\cmd.exe"/>
    <property name="ANDROID_SDK_HOME" value="C:\Android"/>
    <property name="RUN_TESTS_DISPLAY_URL" value="http://localhost:7777/job/MavenJob/2/display/redirect?page=tests"/>
    <property name="sun.java.launcher" value="SUN_STANDARD"/>
    <property name="SystemRoot" value="C:\WINDOWS"/>
    <property name="CommonProgramFiles" value="C:\Program Files\Common Files"/>
    <property name="java.vm.specification.vendor" value="Oracle Corporation"/>
    <property name="file.separator" value="\"/>
    <property name="ChocolateyInstall" value="C:\ProgramData\chocolatey"/>
    <property name="java.runtime.version" value="1.8.0_191-b12"/>
    <property name="ProgramFiles" value="C:\Program Files"/>
    <property name="sun.boot.class.path" value="C:\Program Files\Java\jdk1.8.0_191\jre\lib\resources.jar;C:\Program Files\Java\jdk1.8.0_191\jre\lib\rt.jar;C:\Program Files\Java\jdk1.8.0_191\jre\lib\sunrsasign.jar;C:\Program Files\Java\jdk1.8.0_191\jre\lib\jsse.jar;C:\Program Files\Java\jdk1.8.0_191\jre\lib\jce.jar;C:\Program Files\Java\jdk1.8.0_191\jre\lib\charsets.jar;C:\Program Files\Java\jdk1.8.0_191\jre\lib\jfr.jar;C:\Program Files\Java\jdk1.8.0_191\jre\classes"/>
    <property name="OnlineServices" value="Online Services"/>
    <property name="user.country" value="IN"/>
    <property name="maven.home" value="D:\GET\apache-maven-3.8.2"/>
    <property name="JOB_BASE_NAME" value="MavenJob"/>
    <property name="java.vendor" value="Oracle Corporation"/>
    <property name="java.specification.version" value="1.8"/>
    <property name="sun.arch.data.model" value="64"/>
    <property name="GIT_URL" value="https://github.com/banuteja029/samplerepo.git"/>
  </properties>
  <testcase classname="com.lti.AppTest" name="testApp" time="0.009"/>
</testsuite>